0 info it worked if it ends with ok
1 verbose cli [ '/usr/local/bin/node', '/usr/local/bin/npm', 'run', 'docker' ]
2 info using npm@3.10.10
3 info using node@v6.10.2
4 verbose run-script [ 'predocker', 'docker', 'postdocker' ]
5 info lifecycle @~predocker: @
6 silly lifecycle @~predocker: no script for predocker, continuing
7 info lifecycle @~docker: @
8 verbose lifecycle @~docker: unsafe-perm in lifecycle true
9 verbose lifecycle @~docker: PATH: /usr/local/lib/node_modules/npm/bin/node-gyp-bin:/Users/fina/git/acitius/acitius/node_modules/.bin:/usr/local/bin:/usr/bin:/bin:/usr/sbin:/sbin
10 verbose lifecycle @~docker: CWD: /Users/fina/git/acitius/acitius
11 silly lifecycle @~docker: Args: [ '-c',
11 silly lifecycle   'docker-compose up -d ../laradock/nginx ../laradock/mysql' ]
12 silly lifecycle @~docker: Returned: code: 1  signal: null
13 info lifecycle @~docker: Failed to exec docker script
14 verbose stack Error: @ docker: `docker-compose up -d ../laradock/nginx ../laradock/mysql`
14 verbose stack Exit status 1
14 verbose stack     at EventEmitter.<anonymous> (/usr/local/lib/node_modules/npm/lib/utils/lifecycle.js:255:16)
14 verbose stack     at emitTwo (events.js:106:13)
14 verbose stack     at EventEmitter.emit (events.js:191:7)
14 verbose stack     at ChildProcess.<anonymous> (/usr/local/lib/node_modules/npm/lib/utils/spawn.js:40:14)
14 verbose stack     at emitTwo (events.js:106:13)
14 verbose stack     at ChildProcess.emit (events.js:191:7)
14 verbose stack     at maybeClose (internal/child_process.js:886:16)
14 verbose stack     at Process.ChildProcess._handle.onexit (internal/child_process.js:226:5)
15 verbose pkgid @
16 verbose cwd /Users/fina/git/acitius/acitius
17 error Darwin 14.5.0
18 error argv "/usr/local/bin/node" "/usr/local/bin/npm" "run" "docker"
19 error node v6.10.2
20 error npm  v3.10.10
21 error code ELIFECYCLE
22 error @ docker: `docker-compose up -d ../laradock/nginx ../laradock/mysql`
22 error Exit status 1
23 error Failed at the @ docker script 'docker-compose up -d ../laradock/nginx ../laradock/mysql'.
23 error Make sure you have the latest version of node.js and npm installed.
23 error If you do, this is most likely a problem with the  package,
23 error not with npm itself.
23 error Tell the author that this fails on your system:
23 error     docker-compose up -d ../laradock/nginx ../laradock/mysql
23 error You can get information on how to open an issue for this project with:
23 error     npm bugs
23 error Or if that isn't available, you can get their info via:
23 error     npm owner ls
23 error There is likely additional logging output above.
24 verbose exit [ 1, true ]
